time="2024-07-14T22:35:12+03:00" level=info msg="получение бота" func="main.main()" file="main.go:14"
time="2024-07-14T22:37:03+03:00" level=info msg="получение бота" func="main.main()" file="main.go:15"
time="2024-07-14T22:38:20+03:00" level=info msg="получение бота" func="main.main()" file="main.go:15"
time="2024-07-15T18:32:53+03:00" level=info msg="преобразование города в координаты" func="main.main()" file="main.go:18"
time="2024-07-15T18:32:54+03:00" level=info msg="получение температуры" func="main.main()" file="main.go:23"
time="2024-07-16T16:38:31+03:00" level=info msg="https://geocode-maps.yandex.ru/1.x/?apikey=7505bf35-1808-40be-8f4c-93501a74b5ea&geocode=Россия+%D0%9C%D0%BE%D1%81%D0%BA%D0%B2%D0%B0&format=json&results=1" func="telegram-bot/internal.Decod()" file="decoder.go:46"
time="2024-07-16T16:39:36+03:00" level=info msg="https://geocode-maps.yandex.ru/1.x/?apikey=7505bf35-1808-40be-8f4c-93501a74b5ea&geocode=%D0%9C%D0%BE%D1%81%D0%BA%D0%B2%D0%B0&format=json&results=1" func="telegram-bot/internal.Decod()" file="decoder.go:46"
time="2024-07-16T16:40:02+03:00" level=info msg="https://geocode-maps.yandex.ru/1.x/?apikey=7505bf35-1808-40be-8f4c-93501a74b5ea&geocode=%D0%9C%D0%B0%D0%BB%D0%BE%D0%B0%D1%80%D1%85%D0%B0%D0%BD%D0%B3%D0%B5%D0%BB%D1%8C%D1%81%D0%BA&format=json&results=1" func="telegram-bot/internal.Decod()" file="decoder.go:46"
time="2024-07-16T16:43:19+03:00" level=info msg="https://geocode-maps.yandex.ru/1.x/?apikey=7505bf35-1808-40be-8f4c-93501a74b5ea&geocode=%D0%9C%D0%B0%D0%BB%D0%BE%D0%B0%D1%80%D1%85%D0%B0%D0%BD%D0%B3%D0%B5%D0%BB%D1%8C%D1%81%D0%BA&format=json&results=1" func="telegram-bot/internal.Decod()" file="decoder.go:46"
time="2024-07-16T16:43:44+03:00" level=info msg="https://geocode-maps.yandex.ru/1.x/?apikey=7505bf35-1808-40be-8f4c-93501a74b5ea&geocode=%D0%BC%D0%BE%D1%81%D0%BA%D0%B2%D0%B0&format=json&results=1" func="telegram-bot/internal.Decod()" file="decoder.go:46"
time="2024-07-16T16:43:52+03:00" level=info msg="https://geocode-maps.yandex.ru/1.x/?apikey=7505bf35-1808-40be-8f4c-93501a74b5ea&geocode=moscow&format=json&results=1" func="telegram-bot/internal.Decod()" file="decoder.go:46"
time="2024-07-16T16:44:03+03:00" level=info msg="https://geocode-maps.yandex.ru/1.x/?apikey=7505bf35-1808-40be-8f4c-93501a74b5ea&geocode=%D1%85%D1%83%D0%B9&format=json&results=1" func="telegram-bot/internal.Decod()" file="decoder.go:46"
time="2024-07-16T16:44:11+03:00" level=info msg="https://geocode-maps.yandex.ru/1.x/?apikey=7505bf35-1808-40be-8f4c-93501a74b5ea&geocode=%D0%BF%D0%BE%D0%BF%D0%B0&format=json&results=1" func="telegram-bot/internal.Decod()" file="decoder.go:46"
time="2024-07-16T16:52:15+03:00" level=info msg="https://geocode-maps.yandex.ru/1.x/?apikey=7505bf35-1808-40be-8f4c-93501a74b5ea&geocode=%D0%9C%D0%B0%D0%BB%D0%BE%D0%B0%D1%80%D1%85%D0%B0%D0%BD%D0%B3%D0%B5%D0%BB%D1%8C%D1%81%D0%BA&format=json&results=1" func="telegram-bot/internal.Decod()" file="decoder.go:46"
time="2024-07-16T16:54:13+03:00" level=info msg="https://geocode-maps.yandex.ru/1.x/?apikey=7505bf35-1808-40be-8f4c-93501a74b5ea&geocode=%D1%83%D1%80%D0%B0%D0%B0%D0%B0&format=json&results=1" func="telegram-bot/internal.Decod()" file="decoder.go:46"
time="2024-07-16T17:07:28+03:00" level=info msg="https://geocode-maps.yandex.ru/1.x/?apikey=7505bf35-1808-40be-8f4c-93501a74b5ea&geocode=%D0%BC%D0%BE%D1%81%D0%BA%D0%B2%D0%B0&format=json&results=1" func="telegram-bot/internal.Decod()" file="decoder.go:46"
time="2024-07-16T17:07:36+03:00" level=info msg="https://geocode-maps.yandex.ru/1.x/?apikey=7505bf35-1808-40be-8f4c-93501a74b5ea&geocode=%D1%83%D1%80%D0%B0%D0%B0%D0%B0&format=json&results=1" func="telegram-bot/internal.Decod()" file="decoder.go:46"
time="2024-07-16T17:11:04+03:00" level=info msg="Россия, Москва" func="telegram-bot/internal.Decod()" file="decoder.go:65"
time="2024-07-16T17:24:58+03:00" level=info msg="Россия, Москва" func="telegram-bot/internal.Decod()" file="decoder.go:67"
time="2024-07-16T17:26:10+03:00" level=info msg="Гамбия, округ Центральная Река, район Верхний Салум, остров Поппа" func="telegram-bot/internal.Decod()" file="decoder.go:67"
time="2024-07-16T17:26:59+03:00" level=info msg="Россия, Орловская область, Малоархангельск" func="telegram-bot/internal.Decod()" file="decoder.go:67"
time="2024-07-16T17:32:03+03:00" level=info msg="User:supr96me\nMessage:Ку" func="main.main()" file="main.go:30"
time="2024-07-16T18:10:35+03:00" level=info msg="User:supr96me" func="main.main()" file="main.go:30"
time="2024-07-16T18:10:35+03:00" level=info msg="Message:Ку" func="main.main()" file="main.go:31"
time="2024-07-16T18:10:49+03:00" level=info msg="User:supr96me" func="main.main()" file="main.go:30"
time="2024-07-16T18:10:49+03:00" level=info msg="Message:/weather москва" func="main.main()" file="main.go:31"
time="2024-07-16T18:10:50+03:00" level=info msg="Россия, Москва" func="telegram-bot/internal.Decod()" file="decoder.go:67"
